-------------------------------------------------------------------------------
Test set: BaseJunitTest
-------------------------------------------------------------------------------
Tests run: 1, Failures: 0, Errors: 1, Skipped: 0, Time elapsed: 0.404 s <<< FAILURE! - in BaseJunitTest
initializationError(BaseJunitTest)  Time elapsed: 0.009 s  <<< ERROR!
java.lang.Exception: No runnable methods

