<?xml version="1.0" encoding="UTF-8"?>
<testsuite xmlns:xsi="http://www.w3.org/2001/XMLSchema-instance" xsi:noNamespaceSchemaLocation="https://maven.apache.org/surefire/maven-surefire-plugin/xsd/surefire-test-report.xsd" name="JunitTest" time="19.511" tests="6" errors="0" skipped="0" failures="0">
  <properties>
[...]
</properties>
  <testcase name="testAdd" classname="JunitTest" time="0.221"/>
  <testcase name="testTest" classname="JunitTest" time="0.053"/>
  <testcase name="test0" classname="JunitTest" time="0.122"/>
  <testcase name="test1" classname="JunitTest" time="0.017"/>
  <testcase name="test2" classname="JunitTest" time="0.036"/>
  <testcase name="testMyData" classname="JunitTest" time="0.021"/>
</testsuite>